mode: set
github.com/mal-as/litelog/methods.go:9.62,10.32 1 1
github.com/mal-as/litelog/methods.go:21.2,23.15 2 1
github.com/mal-as/litelog/methods.go:28.2,28.21 1 1
github.com/mal-as/litelog/methods.go:33.2,33.17 1 1
github.com/mal-as/litelog/methods.go:38.2,39.20 2 1
github.com/mal-as/litelog/methods.go:10.32,11.22 1 1
github.com/mal-as/litelog/methods.go:18.3,18.13 1 1
github.com/mal-as/litelog/methods.go:11.22,17.4 5 1
github.com/mal-as/litelog/methods.go:23.15,26.3 2 1
github.com/mal-as/litelog/methods.go:28.21,31.3 2 1
github.com/mal-as/litelog/methods.go:33.17,36.3 2 1
github.com/mal-as/litelog/methods.go:42.38,44.2 1 1
github.com/mal-as/litelog/methods.go:46.58,48.2 1 1
github.com/mal-as/litelog/methods.go:50.65,51.20 1 1
github.com/mal-as/litelog/methods.go:51.20,53.3 1 1
github.com/mal-as/litelog/methods.go:56.85,57.20 1 1
github.com/mal-as/litelog/methods.go:57.20,59.3 1 1
github.com/mal-as/litelog/methods.go:62.35,64.2 1 1
github.com/mal-as/litelog/methods.go:66.57,68.2 1 1
github.com/mal-as/litelog/methods.go:70.35,72.2 1 1
github.com/mal-as/litelog/methods.go:74.57,76.2 1 1
github.com/mal-as/litelog/methods.go:78.36,80.2 1 1
github.com/mal-as/litelog/methods.go:82.58,84.2 1 1
github.com/mal-as/litelog/methods.go:86.36,88.2 1 1
github.com/mal-as/litelog/methods.go:90.58,92.2 1 1
github.com/mal-as/litelog/methods.go:94.36,96.2 1 1
github.com/mal-as/litelog/methods.go:98.58,100.2 1 1
github.com/mal-as/litelog/methods.go:102.36,105.2 1 1
github.com/mal-as/litelog/methods.go:107.58,110.2 1 1
github.com/mal-as/litelog/struct.go:36.38,37.25 1 1
github.com/mal-as/litelog/struct.go:37.25,39.3 1 1
github.com/mal-as/litelog/struct.go:42.35,43.25 1 1
github.com/mal-as/litelog/struct.go:43.25,46.3 2 1
github.com/mal-as/litelog/struct.go:49.32,50.25 1 1
github.com/mal-as/litelog/struct.go:50.25,52.3 1 1
github.com/mal-as/litelog/struct.go:55.40,56.25 1 1
github.com/mal-as/litelog/struct.go:56.25,58.22 2 1
github.com/mal-as/litelog/struct.go:58.22,59.23 1 1
github.com/mal-as/litelog/struct.go:59.23,61.5 1 1
github.com/mal-as/litelog/struct.go:61.10,63.5 1 0
github.com/mal-as/litelog/struct.go:64.9,66.4 1 0
github.com/mal-as/litelog/struct.go:70.37,75.30 2 1
github.com/mal-as/litelog/struct.go:79.2,79.15 1 1
github.com/mal-as/litelog/struct.go:75.30,77.3 1 1
