mode: set
github.com/mal-as/litelog/methods.go:10.62,11.32 1 1
github.com/mal-as/litelog/methods.go:15.2,17.15 2 1
github.com/mal-as/litelog/methods.go:22.2,22.21 1 1
github.com/mal-as/litelog/methods.go:27.2,27.17 1 1
github.com/mal-as/litelog/methods.go:32.2,33.20 2 1
github.com/mal-as/litelog/methods.go:11.32,13.3 1 1
github.com/mal-as/litelog/methods.go:17.15,20.3 2 1
github.com/mal-as/litelog/methods.go:22.21,25.3 2 1
github.com/mal-as/litelog/methods.go:27.17,30.3 2 1
github.com/mal-as/litelog/methods.go:36.38,38.2 1 1
github.com/mal-as/litelog/methods.go:40.58,42.2 1 1
github.com/mal-as/litelog/methods.go:44.65,45.20 1 1
github.com/mal-as/litelog/methods.go:45.20,47.3 1 1
github.com/mal-as/litelog/methods.go:50.85,51.20 1 1
github.com/mal-as/litelog/methods.go:51.20,53.3 1 1
github.com/mal-as/litelog/methods.go:56.35,58.2 1 1
github.com/mal-as/litelog/methods.go:60.57,62.2 1 1
github.com/mal-as/litelog/methods.go:64.35,66.2 1 1
github.com/mal-as/litelog/methods.go:68.57,70.2 1 1
github.com/mal-as/litelog/methods.go:72.36,74.2 1 1
github.com/mal-as/litelog/methods.go:76.58,78.2 1 1
github.com/mal-as/litelog/methods.go:80.36,82.2 1 1
github.com/mal-as/litelog/methods.go:84.58,86.2 1 1
github.com/mal-as/litelog/methods.go:88.36,90.2 1 1
github.com/mal-as/litelog/methods.go:92.58,94.2 1 1
github.com/mal-as/litelog/methods.go:96.36,99.2 2 0
github.com/mal-as/litelog/methods.go:101.58,104.2 2 0
github.com/mal-as/litelog/struct.go:36.38,37.25 1 1
github.com/mal-as/litelog/struct.go:37.25,39.3 1 1
github.com/mal-as/litelog/struct.go:42.35,43.25 1 1
github.com/mal-as/litelog/struct.go:43.25,46.3 2 1
github.com/mal-as/litelog/struct.go:49.32,50.25 1 1
github.com/mal-as/litelog/struct.go:50.25,52.3 1 1
github.com/mal-as/litelog/struct.go:55.40,56.25 1 1
github.com/mal-as/litelog/struct.go:56.25,58.22 2 1
github.com/mal-as/litelog/struct.go:58.22,59.23 1 1
github.com/mal-as/litelog/struct.go:59.23,61.5 1 1
github.com/mal-as/litelog/struct.go:61.10,63.5 1 0
github.com/mal-as/litelog/struct.go:64.9,66.4 1 0
github.com/mal-as/litelog/struct.go:70.37,75.30 2 1
github.com/mal-as/litelog/struct.go:79.2,79.15 1 1
github.com/mal-as/litelog/struct.go:75.30,77.3 1 1
